#
# A fatal error has been detected by the Java Runtime Environment:
#
#  EXCEPTION_ACCESS_VIOLATION (0xc0000005) at pc=0x000000006926f3d0, pid=6316, tid=6656
#
# JRE version: Java(TM) SE Runtime Environment (8.0_45-b14) (build 1.8.0_45-b14)
# Java VM: Java HotSpot(TM) 64-Bit Server VM (25.45-b02 mixed mode windows-amd64 compressed oops)
# Problematic frame:
# V  [jvm.dll+0x6f3d0]
#
# Failed to write core dump. Minidumps are not enabled by default on client versions of Windows
#
# If you would like to submit a bug report, please visit:
#   http://bugreport.java.com/bugreport/crash.jsp
#

---------------  T H R E A D  ---------------

Current thread (0x0000000057dda800):  JavaThread "ServerService Thread Pool -- 65" [_thread_in_vm, id=6656, stack(0x0000000068fb0000,0x00000000690b0000)]

siginfo: ExceptionCode=0xc0000005, writing address 0x0000000002068564

Registers:
RAX=0x00000000690ac950, RBX=0x0000000002068564, RCX=0x00000000022688b0, RDX=0x00000000690ac820
RSP=0x00000000690ac090, RBP=0x00000000690ac190, RSI=0x0000000057dda800, RDI=0x00000000690ac820
R8 =0x0000000057dda800, R9 =0x0000000067b1b150, R10=0x0000000002d3cb7b, R11=0x0000000002d3cb58
R12=0x0000000000000000, R13=0x00000000676a5960, R14=0x00000000576de750, R15=0x00000000576de740
RIP=0x000000006926f3d0, EFLAGS=0x0000000000010202

Top of Stack: (sp=0x00000000690ac090)
0x00000000690ac090:   0000000000000001 00000000690ac098
0x00000000690ac0a0:   00000000538ebf68 00000000690ac110
0x00000000690ac0b0:   0000000000000000 00000000f741d690
0x00000000690ac0c0:   00000000e05bc190 000000006927598c
0x00000000690ac0d0:   00000000690ac108 00000000e05a2130
0x00000000690ac0e0:   0000000002857540 000000006927598c
0x00000000690ac0f0:   00000000000003d8 00000000576deb28
0x00000000690ac100:   00000000690ac820 0000000057dda800
0x00000000690ac110:   00000000022a550a 0000000000000010
0x00000000690ac120:   0000000057dda800 0000000083d61705
0x00000000690ac130:   0000000083d61705 00000000576de750
0x00000000690ac140:   0000000057dda800 0000000069270708
0x00000000690ac150:   0000000000002744 0000000057dda800
0x00000000690ac160:   0000000002857d61 0000000069270708
0x00000000690ac170:   000000000226d890 00000000692710a3
0x00000000690ac180:   00000000133516d0 0000000056a05868 

Instructions: (pc=0x000000006926f3d0)
0x000000006926f3b0:   8b d3 ff 50 58 44 89 23 48 8b 0d 99 9e 78 00 83
0x000000006926f3c0:   79 0c 01 75 10 48 c1 eb 09 48 03 99 90 00 00 00
0x000000006926f3d0:   44 88 23 eb 22 48 8b 01 41 b1 01 45 33 c0 48 8b
0x000000006926f3e0:   d3 ff 50 70 eb 11 48 63 0d f7 22 77 00 33 d2 48 


Register to memory mapping:

RAX=0x00000000690ac950 is pointing into the stack for thread: 0x0000000057dda800
RBX=0x0000000002068564 is an unknown value
RCX=0x00000000022688b0 is an unknown value
RDX=0x00000000690ac820 is pointing into the stack for thread: 0x0000000057dda800
RSP=0x00000000690ac090 is pointing into the stack for thread: 0x0000000057dda800
RBP=0x00000000690ac190 is pointing into the stack for thread: 0x0000000057dda800
RSI=0x0000000057dda800 is a thread
RDI=0x00000000690ac820 is pointing into the stack for thread: 0x0000000057dda800
R8 =0x0000000057dda800 is a thread
R9 =0x0000000067b1b150 is an unknown value
R10=0x0000000002d3cb7b is at entry_point+59 in (nmethod*)0x0000000002d3c9d0
R11=0x0000000002d3cb58 is at entry_point+24 in (nmethod*)0x0000000002d3c9d0
R12=0x0000000000000000 is an unknown value
R13=0x00000000676a5960 is an unknown value
R14=0x00000000576de750 is an unknown value
R15=0x00000000576de740 is an unknown value


Stack: [0x0000000068fb0000,0x00000000690b0000],  sp=0x00000000690ac090,  free space=1008k
Native frames: (J=compiled Java code, j=interpreted, Vv=VM code, C=native code)
V  [jvm.dll+0x6f3d0]
V  [jvm.dll+0x6fac4]
V  [jvm.dll+0x1846c9]
C  [java.dll+0x836e]
C  0x0000000002d3cbf5

Java frames: (J=compiled Java code, j=interpreted, Vv=VM code)
J 1417  java.lang.Throwable.fillInStackTrace(I)Ljava/lang/Throwable; (0 bytes) @ 0x0000000002d3cb7b [0x0000000002d3cb40+0x3b]
j  com.multiable.core.ejb.lib.TableInfoLib.getSchema(Lcom/multiable/core/share/meta/dd/DdTable;)Ljava/lang/String;+3
j  com.multiable.core.ejb.lib.TableInfoLib.genVerSychTable(Lcom/multiable/core/share/meta/dd/DdTable;)Lcom/multiable/core/ejb/eao/dd/SychTableInfo;+36
j  com.multiable.core.ejb.eao.dd.DdToDbEJB.genDdStru()Lcom/multiable/core/ejb/eao/dd/DbStruInfo;+66
j  com.multiable.core.ejb.eao.dd.DdToDbEJB.sychDB(Ljava/lang/String;)Z+42
j  com.multiable.core.ejb.eao.dd.DdToDbEJB.sychDB()Z+2
v  ~StubRoutines::call_stub
J 4671  sun.reflect.NativeMethodAccessorImpl.invoke0(Ljava/lang/reflect/Method;Ljava/lang/Object;[Ljava/lang/Object;)Ljava/lang/Object; (0 bytes) @ 0x0000000002ed0d3f [0x0000000002ed0cc0+0x7f]
J 4672 C1 sun.reflect.NativeMethodAccessorImpl.invoke(Ljava/lang/Object;[Ljava/lang/Object;)Ljava/lang/Object; (104 bytes) @ 0x000000000342481c [0x0000000003423680+0x119c]
J 4299 C1 sun.reflect.DelegatingMethodAccessorImpl.invoke(Ljava/lang/Object;[Ljava/lang/Object;)Ljava/lang/Object; (10 bytes) @ 0x000000000335e3e4 [0x000000000335e2c0+0x124]
J 4304 C1 java.lang.reflect.Method.invoke(Ljava/lang/Object;[Ljava/lang/Object;)Ljava/lang/Object; (62 bytes) @ 0x0000000003361e14 [0x0000000003361a00+0x414]
j  org.jboss.as.ee.component.ManagedReferenceMethodInterceptor.processInvocation(Lorg/jboss/invocation/InterceptorContext;)Ljava/lang/Object;+39
j  org.jboss.invocation.InterceptorContext.proceed()Ljava/lang/Object;+31
j  org.jboss.invocation.InterceptorContext$Invocation.proceed()Ljava/lang/Object;+4
j  org.jboss.as.weld.ejb.Jsr299BindingsInterceptor.doMethodInterception(Ljavax/interceptor/InvocationContext;Ljavax/enterprise/inject/spi/InterceptionType;Lorg/jboss/as/weld/ejb/WeldInterceptorInstances;Lorg/jboss/weld/ejb/spi/InterceptorBindings;)Ljava/lang/Object;+32
j  org.jboss.as.weld.ejb.Jsr299BindingsInterceptor.processInvocation(Lorg/jboss/invocation/InterceptorContext;)Ljava/lang/Object;+91
j  org.jboss.as.ee.component.interceptors.UserInterceptorFactory$1.processInvocation(Lorg/jboss/invocation/InterceptorContext;)Ljava/lang/Object;+34
j  org.jboss.invocation.InterceptorContext.proceed()Ljava/lang/Object;+31
j  org.jboss.as.ejb3.component.invocationmetrics.ExecutionTimeInterceptor.processInvocation(Lorg/jboss/invocation/InterceptorContext;)Ljava/lang/Object;+16
j  org.jboss.invocation.InterceptorContext.proceed()Ljava/lang/Object;+31
j  org.jboss.as.jpa.interceptor.SBInvocationInterceptor.processInvocation(Lorg/jboss/invocation/InterceptorContext;)Ljava/lang/Object;+4
j  org.jboss.invocation.InterceptorContext.proceed()Ljava/lang/Object;+31
j  org.jboss.invocation.InterceptorContext$Invocation.proceed()Ljava/lang/Object;+4
j  org.jboss.weld.ejb.AbstractEJBRequestScopeActivationInterceptor.aroundInvoke(Ljavax/interceptor/InvocationContext;)Ljava/lang/Object;+50
j  org.jboss.as.weld.ejb.EjbRequestScopeActivationInterceptor.processInvocation(Lorg/jboss/invocation/InterceptorContext;)Ljava/lang/Object;+5
j  org.jboss.invocation.InterceptorContext.proceed()Ljava/lang/Object;+31
j  org.jboss.as.ee.concurrent.ConcurrentContextInterceptor.processInvocation(Lorg/jboss/invocation/InterceptorContext;)Ljava/lang/Object;+8
j  org.jboss.invocation.InterceptorContext.proceed()Ljava/lang/Object;+31
j  org.jboss.invocation.InitialInterceptor.processInvocation(Lorg/jboss/invocation/InterceptorContext;)Ljava/lang/Object;+6
j  org.jboss.invocation.InterceptorContext.proceed()Ljava/lang/Object;+31
j  org.jboss.invocation.ChainedInterceptor.processInvocation(Lorg/jboss/invocation/InterceptorContext;)Ljava/lang/Object;+19
j  org.jboss.as.ee.component.interceptors.ComponentDispatcherInterceptor.processInvocation(Lorg/jboss/invocation/InterceptorContext;)Ljava/lang/Object;+58
j  org.jboss.invocation.InterceptorContext.proceed()Ljava/lang/Object;+31
j  org.jboss.as.ejb3.component.interceptors.NonPooledEJBComponentInstanceAssociatingInterceptor.processInvocation(Lorg/jboss/invocation/InterceptorContext;)Ljava/lang/Object;+26
j  org.jboss.invocation.InterceptorContext.proceed()Ljava/lang/Object;+31
j  org.jboss.as.ejb3.tx.CMTTxInterceptor.invokeInOurTx(Lorg/jboss/invocation/InterceptorContext;Ljavax/transaction/TransactionManager;Lorg/jboss/as/ejb3/component/EJBComponent;)Ljava/lang/Object;+24
j  org.jboss.as.ejb3.tx.CMTTxInterceptor.required(Lorg/jboss/invocation/InterceptorContext;Lorg/jboss/as/ejb3/component/EJBComponent;I)Ljava/lang/Object;+38
j  org.jboss.as.ejb3.tx.CMTTxInterceptor.processInvocation(Lorg/jboss/invocation/InterceptorContext;)Ljava/lang/Object;+192
j  org.jboss.invocation.InterceptorContext.proceed()Ljava/lang/Object;+31
j  org.jboss.as.ejb3.component.interceptors.CurrentInvocationContextInterceptor.processInvocation(Lorg/jboss/invocation/InterceptorContext;)Ljava/lang/Object;+5
j  org.jboss.invocation.InterceptorContext.proceed()Ljava/lang/Object;+31
j  org.jboss.as.ejb3.component.invocationmetrics.WaitTimeInterceptor.processInvocation(Lorg/jboss/invocation/InterceptorContext;)Ljava/lang/Object;+15
j  org.jboss.invocation.InterceptorContext.proceed()Ljava/lang/Object;+31
j  org.jboss.as.ejb3.security.SecurityContextInterceptor.processInvocation(Lorg/jboss/invocation/InterceptorContext;)Ljava/lang/Object;+37
j  org.jboss.invocation.InterceptorContext.proceed()Ljava/lang/Object;+31
j  org.jboss.as.ejb3.component.interceptors.ShutDownInterceptorFactory$1.processInvocation(Lorg/jboss/invocation/InterceptorContext;)Ljava/lang/Object;+44
j  org.jboss.invocation.InterceptorContext.proceed()Ljava/lang/Object;+31
j  org.jboss.as.ejb3.component.interceptors.LoggingInterceptor.processInvocation(Lorg/jboss/invocation/InterceptorContext;)Ljava/lang/Object;+24
j  org.jboss.invocation.InterceptorContext.proceed()Ljava/lang/Object;+31
j  org.jboss.as.ee.component.NamespaceContextInterceptor.processInvocation(Lorg/jboss/invocation/InterceptorContext;)Ljava/lang/Object;+15
j  org.jboss.invocation.InterceptorContext.proceed()Ljava/lang/Object;+31
j  org.jboss.as.ejb3.component.interceptors.AdditionalSetupInterceptor.processInvocation(Lorg/jboss/invocation/InterceptorContext;)Ljava/lang/Object;+32
j  org.jboss.invocation.InterceptorContext.proceed()Ljava/lang/Object;+31
j  org.jboss.invocation.ContextClassLoaderInterceptor.processInvocation(Lorg/jboss/invocation/InterceptorContext;)Ljava/lang/Object;+46
j  org.jboss.invocation.InterceptorContext.proceed()Ljava/lang/Object;+31
j  org.jboss.invocation.InterceptorContext.run()Ljava/lang/Object;+1
j  org.wildfly.security.manager.WildFlySecurityManager.doChecked(Ljava/security/PrivilegedExceptionAction;)Ljava/lang/Object;+18
j  org.jboss.invocation.AccessCheckingInterceptor.processInvocation(Lorg/jboss/invocation/InterceptorContext;)Ljava/lang/Object;+1
j  org.jboss.invocation.InterceptorContext.proceed()Ljava/lang/Object;+31
j  org.jboss.invocation.InterceptorContext.run()Ljava/lang/Object;+1
j  org.jboss.invocation.PrivilegedWithCombinerInterceptor.processInvocation(Lorg/jboss/invocation/InterceptorContext;)Ljava/lang/Object;+20
j  org.jboss.invocation.InterceptorContext.proceed()Ljava/lang/Object;+31
j  org.jboss.invocation.ChainedInterceptor.processInvocation(Lorg/jboss/invocation/InterceptorContext;)Ljava/lang/Object;+19
j  org.jboss.as.ee.component.ViewService$View.invoke(Lorg/jboss/invocation/InterceptorContext;)Ljava/lang/Object;+21
j  org.jboss.as.ee.component.ViewDescription$1.processInvocation(Lorg/jboss/invocation/InterceptorContext;)Ljava/lang/Object;+13
j  org.jboss.invocation.InterceptorContext.proceed()Ljava/lang/Object;+31
j  org.jboss.invocation.ChainedInterceptor.processInvocation(Lorg/jboss/invocation/InterceptorContext;)Ljava/lang/Object;+19
j  org.jboss.as.ee.component.ProxyInvocationHandler.invoke(Ljava/lang/Object;Ljava/lang/reflect/Method;[Ljava/lang/Object;)Ljava/lang/Object;+119
j  com.multiable.core.share.localinterface.DdToDbLocal$$$view1.sychDB()Z+24
j  com.multiable.core.share.server.AppServerListener.sychDB(Ljavax/servlet/ServletContext;)V+31
j  com.multiable.core.share.server.AppServerListener.contextInitialized(Ljavax/servlet/ServletContextEvent;)V+22
j  io.undertow.servlet.core.ApplicationListeners.contextInitialized()V+61
j  io.undertow.servlet.core.DeploymentManagerImpl.deploy()V+399
j  org.wildfly.extension.undertow.deployment.UndertowDeploymentService.startContext()V+62
j  org.wildfly.extension.undertow.deployment.UndertowDeploymentService$1.run()V+4
j  java.util.concurrent.Executors$RunnableAdapter.call()Ljava/lang/Object;+4
J 4480 C1 java.util.concurrent.FutureTask.run()V (126 bytes) @ 0x00000000033d0d8c [0x00000000033d0b40+0x24c]
j  java.util.concurrent.ThreadPoolExecutor.runWorker(Ljava/util/concurrent/ThreadPoolExecutor$Worker;)V+95
j  java.util.concurrent.ThreadPoolExecutor$Worker.run()V+5
j  java.lang.Thread.run()V+11
j  org.jboss.threads.JBossThread.run()V+10
v  ~StubRoutines::call_stub

---------------  P R O C E S S  ---------------

Java Threads: ( => current thread )
  0x000000005c602000 JavaThread "ServerService Thread Pool -- 67" [_thread_blocked, id=6212, stack(0x000000006da20000,0x000000006db20000)]
  0x000000005c5fe800 JavaThread "Hikari Housekeeping Timer (pool test)" daemon [_thread_blocked, id=5176, stack(0x000000006c400000,0x000000006c500000)]
  0x000000005c5fd800 JavaThread "Abandoned connection cleanup thread" daemon [_thread_blocked, id=4476, stack(0x000000006bbe0000,0x000000006bce0000)]
  0x0000000062992800 JavaThread "HikariCP connection filler (pool caw)" daemon [_thread_blocked, id=6788, stack(0x000000006ce90000,0x000000006cf90000)]
  0x000000006298f800 JavaThread "Hikari Housekeeping Timer (pool caw)" daemon [_thread_blocked, id=5976, stack(0x000000006d6a0000,0x000000006d7a0000)]
  0x000000006298f000 JavaThread "Abandoned connection cleanup thread" daemon [_thread_blocked, id=5680, stack(0x000000006cd80000,0x000000006ce80000)]
  0x0000000062992000 JavaThread "pool-8-thread-3" [_thread_blocked, id=468, stack(0x000000006db70000,0x000000006dc70000)]
  0x0000000062991000 JavaThread "pool-8-thread-2" [_thread_blocked, id=6172, stack(0x000000006d2a0000,0x000000006d3a0000)]
  0x000000006298d800 JavaThread "pool-8-thread-1" [_thread_blocked, id=4940, stack(0x000000006d010000,0x000000006d110000)]
  0x000000006298e000 JavaThread "pool-6-thread-1" [_thread_blocked, id=6552, stack(0x000000006d1a0000,0x000000006d2a0000)]
  0x000000006298c800 JavaThread "Statistics Thread-__DEFAULT__-1" daemon [_thread_blocked, id=1956, stack(0x000000006c820000,0x000000006c920000)]
  0x0000000057ddd800 JavaThread "__DEFAULT__" daemon [_thread_blocked, id=5180, stack(0x000000006ca30000,0x000000006cb30000)]
  0x0000000057ddd000 JavaThread "xnio-file-watcher[Watcher for E:\src_caw4\ide\wildfly9\standalone\deployments\caw_ear.ear\jsf.war/]-0" daemon [_thread_blocked, id=1028, stack(0x000000006c520000,0x000000006c620000)]
  0x0000000057ddc000 JavaThread "Thread-88" daemon [_thread_in_native, id=4548, stack(0x000000006bae0000,0x000000006bbe0000)]
  0x0000000057ddb800 JavaThread "ServerService Thread Pool -- 66" [_thread_blocked, id=6892, stack(0x000000006c300000,0x000000006c400000)]
=>0x0000000057dda800 JavaThread "ServerService Thread Pool -- 65" [_thread_in_vm, id=6656, stack(0x0000000068fb0000,0x00000000690b0000)]
  0x0000000057dd9800 JavaThread "ServerService Thread Pool -- 64" [_thread_blocked, id=2012, stack(0x000000006be90000,0x000000006bf90000)]
  0x0000000057dd9000 JavaThread "ServerService Thread Pool -- 63" [_thread_blocked, id=6628, stack(0x000000006bce0000,0x000000006bde0000)]
  0x0000000057dd8000 JavaThread "ServerService Thread Pool -- 62" [_thread_blocked, id=7108, stack(0x000000006b990000,0x000000006ba90000)]
  0x0000000057dd7800 JavaThread "weld-worker-4" daemon [_thread_blocked, id=5656, stack(0x000000006b6a0000,0x000000006b7a0000)]
  0x0000000057dd6800 JavaThread "weld-worker-3" daemon [_thread_blocked, id=1060, stack(0x000000006b450000,0x000000006b550000)]
  0x00000000657ba000 JavaThread "weld-worker-2" daemon [_thread_blocked, id=6440, stack(0x000000006b290000,0x000000006b390000)]
  0x00000000657b9000 JavaThread "weld-worker-1" daemon [_thread_blocked, id=6876, stack(0x0000000064a20000,0x0000000064b20000)]
  0x00000000657b8800 JavaThread "ServerService Thread Pool -- 61" [_thread_blocked, id=3112, stack(0x000000006a470000,0x000000006a570000)]
  0x00000000657b7800 JavaThread "ServerService Thread Pool -- 60" [_thread_blocked, id=5576, stack(0x0000000068660000,0x0000000068760000)]
  0x00000000657b7000 JavaThread "ServerService Thread Pool -- 59" [_thread_blocked, id=5324, stack(0x0000000069fc0000,0x000000006a0c0000)]
  0x00000000657b5800 JavaThread "management-handler-thread - 3" [_thread_blocked, id=6740, stack(0x0000000063c50000,0x0000000063d50000)]
  0x00000000657b4800 JavaThread "Remoting "szap-seven10b:MANAGEMENT" task-16" [_thread_blocked, id=6128, stack(0x000000006b110000,0x000000006b210000)]
  0x00000000657b4000 JavaThread "Remoting "szap-seven10b:MANAGEMENT" task-15" [_thread_blocked, id=3340, stack(0x000000006b000000,0x000000006b100000)]
  0x00000000657b3000 JavaThread "Remoting "szap-seven10b:MANAGEMENT" task-14" [_thread_blocked, id=6364, stack(0x000000006aa90000,0x000000006ab90000)]
  0x0000000062bd5000 JavaThread "Remoting "szap-seven10b:MANAGEMENT" task-13" [_thread_blocked, id=7052, stack(0x000000006a940000,0x000000006aa40000)]
  0x0000000062bd4000 JavaThread "Remoting "szap-seven10b:MANAGEMENT" task-12" [_thread_blocked, id=5524, stack(0x000000006a5d0000,0x000000006a6d0000)]
  0x0000000062bd3000 JavaThread "Remoting "szap-seven10b:MANAGEMENT" task-11" [_thread_blocked, id=6600, stack(0x000000006a2e0000,0x000000006a3e0000)]
  0x0000000062bd2800 JavaThread "management-handler-thread - 2" [_thread_blocked, id=2952, stack(0x0000000069ea0000,0x0000000069fa0000)]
  0x0000000062bd1800 JavaThread "Remoting "szap-seven10b:MANAGEMENT" task-10" [_thread_blocked, id=4732, stack(0x0000000069cf0000,0x0000000069df0000)]
  0x0000000062bd1000 JavaThread "Remoting "szap-seven10b:MANAGEMENT" task-9" [_thread_blocked, id=5292, stack(0x0000000069b00000,0x0000000069c00000)]
  0x0000000062bd0000 JavaThread "Remoting "szap-seven10b:MANAGEMENT" task-8" [_thread_blocked, id=1064, stack(0x00000000690c0000,0x00000000691c0000)]
  0x0000000062bcf800 JavaThread "Remoting "szap-seven10b:MANAGEMENT" task-7" [_thread_blocked, id=5068, stack(0x0000000068eb0000,0x0000000068fb0000)]
  0x0000000062bce800 JavaThread "ServerService Thread Pool -- 58" [_thread_blocked, id=6604, stack(0x0000000068b60000,0x0000000068c60000)]
  0x0000000062bce000 JavaThread "management-handler-thread - 1" [_thread_blocked, id=6304, stack(0x0000000068a50000,0x0000000068b50000)]
  0x0000000062e9e800 JavaThread "Remoting "szap-seven10b:MANAGEMENT" task-6" [_thread_blocked, id=7068, stack(0x00000000688a0000,0x00000000689a0000)]
  0x0000000062e9d800 JavaThread "Remoting "szap-seven10b:MANAGEMENT" task-5" [_thread_blocked, id=6760, stack(0x0000000068790000,0x0000000068890000)]
  0x0000000062e9d000 JavaThread "Remoting "szap-seven10b:MANAGEMENT" task-4" [_thread_blocked, id=6476, stack(0x00000000673c0000,0x00000000674c0000)]
  0x0000000062e9c000 JavaThread "Remoting "szap-seven10b:MANAGEMENT" task-3" [_thread_blocked, id=6584, stack(0x0000000066f80000,0x0000000067080000)]
  0x0000000062e9b800 JavaThread "Remoting "szap-seven10b:MANAGEMENT" task-2" [_thread_blocked, id=6444, stack(0x0000000063d70000,0x0000000063e70000)]
  0x0000000062e9a800 JavaThread "Remoting "szap-seven10b:MANAGEMENT" task-1" [_thread_blocked, id=7084, stack(0x0000000063b30000,0x0000000063c30000)]
  0x0000000062e9a000 JavaThread "default task-1" [_thread_blocked, id=7064, stack(0x0000000066c90000,0x0000000066d90000)]
  0x0000000062e99000 JavaThread "ejb-client-context-tasks-2-thread-2" daemon [_thread_blocked, id=7028, stack(0x0000000064150000,0x0000000064250000)]
  0x0000000064d17000 JavaThread "ejb-client-context-tasks-2-thread-1" daemon [_thread_blocked, id=4540, stack(0x0000000063780000,0x0000000063880000)]
  0x0000000062e98800 JavaThread "XNIO-1 I/O-2" [_thread_in_native, id=6672, stack(0x0000000067550000,0x0000000067650000)]
  0x0000000062e97800 JavaThread "XNIO-1 I/O-1" [_thread_in_native, id=3176, stack(0x0000000067290000,0x0000000067390000)]
  0x0000000064d18800 JavaThread "Transaction Reaper Worker 0" daemon [_thread_blocked, id=7056, stack(0x0000000066300000,0x0000000066400000)]
  0x0000000064d18000 JavaThread "Transaction Reaper" daemon [_thread_blocked, id=856, stack(0x0000000066db0000,0x0000000066eb0000)]
  0x0000000064d16800 JavaThread "Periodic Recovery" [_thread_blocked, id=5724, stack(0x00000000668f0000,0x00000000669f0000)]
  0x0000000064d15800 JavaThread "Transaction Expired Entry Monitor" daemon [_thread_blocked, id=6752, stack(0x0000000064b60000,0x0000000064c60000)]
  0x0000000064d14000 JavaThread "default I/O-8" [_thread_in_native, id=5348, stack(0x00000000667a0000,0x00000000668a0000)]
  0x0000000064d13800 JavaThread "default I/O-7" [_thread_in_native, id=7152, stack(0x00000000665b0000,0x00000000666b0000)]
  0x0000000064d12800 JavaThread "default I/O-6" [_thread_in_native, id=7044, stack(0x0000000066440000,0x0000000066540000)]
  0x0000000064d12000 JavaThread "default I/O-5" [_thread_in_native, id=4932, stack(0x00000000660c0000,0x00000000661c0000)]
  0x000000005d98c800 JavaThread "default I/O-4" [_thread_in_native, id=4400, stack(0x0000000066200000,0x0000000066300000)]
  0x000000005d98b800 JavaThread "default I/O-3" [_thread_in_native, id=5332, stack(0x0000000065fc0000,0x00000000660c0000)]
  0x000000005d98b000 JavaThread "default I/O-2" [_thread_in_native, id=5552, stack(0x0000000065e40000,0x0000000065f40000)]
  0x000000005d98a000 JavaThread "default I/O-1" [_thread_in_native, id=6696, stack(0x0000000065d00000,0x0000000065e00000)]
  0x000000005d989800 JavaThread "Remoting "szap-seven10b:MANAGEMENT" I/O-1" [_thread_in_native, id=4424, stack(0x0000000064260000,0x0000000064360000)]
  0x000000005d988800 JavaThread "Timer-1" [_thread_blocked, id=6872, stack(0x0000000062140000,0x0000000062240000)]
  0x000000005d988000 JavaThread "Timer-0" [_thread_blocked, id=6776, stack(0x0000000056480000,0x0000000056580000)]
  0x000000005d987000 JavaThread "ConnectionValidator" daemon [_thread_blocked, id=572, stack(0x0000000062470000,0x0000000062570000)]
  0x000000005d986800 JavaThread "IdleRemover" daemon [_thread_blocked, id=6080, stack(0x0000000062260000,0x0000000062360000)]
  0x000000005d985800 JavaThread "ServerService Thread Pool -- 57" [_thread_blocked, id=6352, stack(0x0000000061c60000,0x0000000061d60000)]
  0x000000005bb8a800 JavaThread "ServerService Thread Pool -- 56" [_thread_blocked, id=5864, stack(0x0000000061de0000,0x0000000061ee0000)]
  0x000000005bb8a000 JavaThread "ServerService Thread Pool -- 55" [_thread_blocked, id=5996, stack(0x00000000616c0000,0x00000000617c0000)]
  0x000000005bb89000 JavaThread "ServerService Thread Pool -- 54" [_thread_blocked, id=6116, stack(0x0000000061b20000,0x0000000061c20000)]
  0x000000005bb88800 JavaThread "ServerService Thread Pool -- 53" [_thread_blocked, id=7020, stack(0x00000000619f0000,0x0000000061af0000)]
  0x000000005bb87800 JavaThread "ServerService Thread Pool -- 52" [_thread_blocked, id=5320, stack(0x0000000061800000,0x0000000061900000)]
  0x000000005bb87000 JavaThread "ServerService Thread Pool -- 51" [_thread_blocked, id=5516, stack(0x00000000615c0000,0x00000000616c0000)]
  0x000000005bb86000 JavaThread "ServerService Thread Pool -- 50" [_thread_blocked, id=6792, stack(0x0000000061400000,0x0000000061500000)]
  0x000000005bb85800 JavaThread "ServerService Thread Pool -- 49" [_thread_blocked, id=5548, stack(0x0000000061200000,0x0000000061300000)]
  0x000000005bb84800 JavaThread "ServerService Thread Pool -- 48" [_thread_blocked, id=2464, stack(0x0000000061300000,0x0000000061400000)]
  0x000000005bb84000 JavaThread "ServerService Thread Pool -- 47" [_thread_blocked, id=6716, stack(0x0000000060d90000,0x0000000060e90000)]
  0x000000005dfc0000 JavaThread "ServerService Thread Pool -- 46" [_thread_blocked, id=5384, stack(0x0000000061080000,0x0000000061180000)]
  0x000000005dfbf000 JavaThread "ServerService Thread Pool -- 45" [_thread_blocked, id=6948, stack(0x0000000060f10000,0x0000000061010000)]
  0x000000005dfbe800 JavaThread "ServerService Thread Pool -- 44" [_thread_blocked, id=7156, stack(0x000000005e5c0000,0x000000005e6c0000)]
  0x000000005dfbd800 JavaThread "ServerService Thread Pool -- 43" [_thread_blocked, id=2180, stack(0x000000005fd60000,0x000000005fe60000)]
  0x000000005dfbd000 JavaThread "ServerService Thread Pool -- 42" [_thread_blocked, id=6928, stack(0x000000005e700000,0x000000005e800000)]
  0x000000005dfbc000 JavaThread "ServerService Thread Pool -- 41" [_thread_blocked, id=6532, stack(0x000000005e440000,0x000000005e540000)]
  0x000000005dfbb800 JavaThread "ServerService Thread Pool -- 40" [_thread_blocked, id=4744, stack(0x000000005b860000,0x000000005b960000)]
  0x000000005dfba800 JavaThread "ServerService Thread Pool -- 39" [_thread_blocked, id=6684, stack(0x0000000060c50000,0x0000000060d50000)]
  0x000000005dfba000 JavaThread "ServerService Thread Pool -- 38" [_thread_blocked, id=6120, stack(0x0000000060b10000,0x0000000060c10000)]
  0x000000005dfb9000 JavaThread "ServerService Thread Pool -- 37" [_thread_blocked, id=6344, stack(0x00000000609d0000,0x0000000060ad0000)]
  0x000000005ec04800 JavaThread "ServerService Thread Pool -- 36" [_thread_blocked, id=6564, stack(0x0000000060810000,0x0000000060910000)]
  0x000000005ec03800 JavaThread "ServerService Thread Pool -- 35" [_thread_blocked, id=6132, stack(0x0000000060710000,0x0000000060810000)]
  0x000000005ec03000 JavaThread "ServerService Thread Pool -- 34" [_thread_blocked, id=5428, stack(0x0000000060530000,0x0000000060630000)]
  0x000000005ec02000 JavaThread "ServerService Thread Pool -- 33" [_thread_blocked, id=5212, stack(0x000000005b450000,0x000000005b550000)]
  0x000000005ec01800 JavaThread "ServerService Thread Pool -- 32" [_thread_blocked, id=2688, stack(0x000000005fee0000,0x000000005ffe0000)]
  0x000000005ec00800 JavaThread "ServerService Thread Pool -- 31" [_thread_blocked, id=6508, stack(0x0000000060190000,0x0000000060290000)]
  0x000000005ec00000 JavaThread "ServerService Thread Pool -- 30" [_thread_blocked, id=2252, stack(0x0000000060040000,0x0000000060140000)]
  0x000000005ebff000 JavaThread "DeploymentScanner-threads - 2" [_thread_blocked, id=5988, stack(0x000000005d0c0000,0x000000005d1c0000)]
  0x000000005ebfe800 JavaThread "DeploymentScanner-threads - 1" [_thread_blocked, id=6980, stack(0x000000005fa30000,0x000000005fb30000)]
  0x000000005ebfd800 JavaThread "ServerService Thread Pool -- 29" [_thread_blocked, id=3032, stack(0x000000005cd20000,0x000000005ce20000)]
  0x00000000576f7800 JavaThread "ServerService Thread Pool -- 28" [_thread_blocked, id=4324, stack(0x000000005fb70000,0x000000005fc70000)]
  0x00000000576f7000 JavaThread "ServerService Thread Pool -- 27" [_thread_blocked, id=6232, stack(0x000000005b990000,0x000000005ba90000)]
  0x00000000576f6000 JavaThread "ServerService Thread Pool -- 26" [_thread_blocked, id=2248, stack(0x000000005b720000,0x000000005b820000)]
  0x00000000576f5800 JavaThread "ServerService Thread Pool -- 25" [_thread_blocked, id=4776, stack(0x000000005b570000,0x000000005b670000)]
  0x00000000576f4800 JavaThread "ServerService Thread Pool -- 24" [_thread_blocked, id=5568, stack(0x000000005b230000,0x000000005b330000)]
  0x00000000576f4000 JavaThread "ServerService Thread Pool -- 23" [_thread_blocked, id=4872, stack(0x000000005b330000,0x000000005b430000)]
  0x00000000576f3000 JavaThread "ServerService Thread Pool -- 22" [_thread_blocked, id=6416, stack(0x000000005b130000,0x000000005b230000)]
  0x00000000576f2800 JavaThread "ServerService Thread Pool -- 21" [_thread_blocked, id=6392, stack(0x000000005afb0000,0x000000005b0b0000)]
  0x00000000576f1800 JavaThread "ServerService Thread Pool -- 20" [_thread_blocked, id=6412, stack(0x000000005aeb0000,0x000000005afb0000)]
  0x00000000576f1000 JavaThread "ServerService Thread Pool -- 19" [_thread_blocked, id=6108, stack(0x000000005adb0000,0x000000005aeb0000)]
  0x00000000576d3000 JavaThread "ServerService Thread Pool -- 18" [_thread_blocked, id=5904, stack(0x000000005a4b0000,0x000000005a5b0000)]
  0x00000000576d2800 JavaThread "ServerService Thread Pool -- 17" [_thread_blocked, id=7140, stack(0x000000005abf0000,0x000000005acf0000)]
  0x00000000576d1800 JavaThread "ServerService Thread Pool -- 16" [_thread_blocked, id=6824, stack(0x000000005aa40000,0x000000005ab40000)]
  0x00000000576d1000 JavaThread "ServerService Thread Pool -- 15" [_thread_blocked, id=6580, stack(0x000000005a910000,0x000000005aa10000)]
  0x00000000576d0000 JavaThread "ServerService Thread Pool -- 14" [_thread_blocked, id=6540, stack(0x000000005a720000,0x000000005a820000)]
  0x00000000576cf800 JavaThread "ServerService Thread Pool -- 13" [_thread_blocked, id=6088, stack(0x000000005a5b0000,0x000000005a6b0000)]
  0x00000000576ce800 JavaThread "ServerService Thread Pool -- 12" [_thread_blocked, id=6256, stack(0x000000005a330000,0x000000005a430000)]
  0x00000000576ce000 JavaThread "ServerService Thread Pool -- 11" [_thread_blocked, id=6472, stack(0x000000005a1b0000,0x000000005a2b0000)]
  0x00000000576cd000 JavaThread "ServerService Thread Pool -- 10" [_thread_blocked, id=6308, stack(0x000000005a070000,0x000000005a170000)]
  0x00000000576cc800 JavaThread "ServerService Thread Pool -- 9" [_thread_blocked, id=5760, stack(0x0000000059e70000,0x0000000059f70000)]
  0x00000000575cc000 JavaThread "ServerService Thread Pool -- 8" [_thread_blocked, id=5420, stack(0x0000000059f70000,0x000000005a070000)]
  0x00000000575cb000 JavaThread "ServerService Thread Pool -- 7" [_thread_blocked, id=7036, stack(0x0000000059d30000,0x0000000059e30000)]
  0x00000000575ca800 JavaThread "ServerService Thread Pool -- 6" [_thread_blocked, id=6000, stack(0x0000000058a70000,0x0000000058b70000)]
  0x00000000575c9800 JavaThread "ServerService Thread Pool -- 5" [_thread_blocked, id=5168, stack(0x0000000059c30000,0x0000000059d30000)]
  0x00000000575c9000 JavaThread "ServerService Thread Pool -- 4" [_thread_blocked, id=7032, stack(0x0000000059a50000,0x0000000059b50000)]
  0x00000000575c8000 JavaThread "ServerService Thread Pool -- 3" [_thread_blocked, id=6020, stack(0x0000000059950000,0x0000000059a50000)]
  0x00000000575c7800 JavaThread "ServerService Thread Pool -- 2" [_thread_blocked, id=6648, stack(0x0000000058eb0000,0x0000000058fb0000)]
  0x00000000575c6800 JavaThread "ServerService Thread Pool -- 1" [_thread_blocked, id=5884, stack(0x0000000059500000,0x0000000059600000)]
  0x00000000575c6000 JavaThread "DestroyJavaVM" [_thread_blocked, id=6984, stack(0x0000000002750000,0x0000000002850000)]
  0x00000000575c5000 JavaThread "Controller Boot Thread" [_thread_blocked, id=3440, stack(0x0000000059670000,0x0000000059870000)]
  0x00000000571c4000 JavaThread "ServerDeploymentRepository-temp-threads - 1" daemon [_thread_blocked, id=5200, stack(0x0000000058fb0000,0x00000000590b0000)]
  0x0000000057457000 JavaThread "MSC service thread 1-8" [_thread_blocked, id=6652, stack(0x0000000058d50000,0x0000000058e50000)]
  0x0000000057456000 JavaThread "MSC service thread 1-7" [_thread_blocked, id=5260, stack(0x0000000058b80000,0x0000000058c80000)]
  0x00000000577d8800 JavaThread "MSC service thread 1-6" [_thread_blocked, id=4420, stack(0x00000000566c0000,0x00000000567c0000)]
  0x00000000577d8000 JavaThread "MSC service thread 1-5" [_thread_blocked, id=5876, stack(0x0000000058930000,0x0000000058a30000)]
  0x00000000577dc000 JavaThread "MSC service thread 1-4" [_thread_blocked, id=4152, stack(0x0000000055d30000,0x0000000055e30000)]
  0x00000000577d7000 JavaThread "MSC service thread 1-3" [_thread_blocked, id=6220, stack(0x00000000587c0000,0x00000000588c0000)]
  0x0000000057180000 JavaThread "MSC service thread 1-2" [_thread_blocked, id=4960, stack(0x0000000058650000,0x0000000058750000)]
  0x000000005717f000 JavaThread "MSC service thread 1-1" [_thread_blocked, id=4944, stack(0x0000000058520000,0x0000000058620000)]
  0x0000000055241000 JavaThread "Reference Reaper" daemon [_thread_blocked, id=2816, stack(0x0000000056800000,0x0000000056900000)]
  0x0000000055150800 JavaThread "Service Thread" daemon [_thread_blocked, id=4312, stack(0x0000000056380000,0x0000000056480000)]
  0x00000000550c9000 JavaThread "C1 CompilerThread2" daemon [_thread_blocked, id=6056, stack(0x00000000561b0000,0x00000000562b0000)]
  0x00000000550c5000 JavaThread "C2 CompilerThread1" daemon [_thread_blocked, id=6296, stack(0x0000000055f80000,0x0000000056080000)]
  0x00000000550be800 JavaThread "C2 CompilerThread0" daemon [_thread_blocked, id=1224, stack(0x00000000560a0000,0x00000000561a0000)]
  0x00000000550bb000 JavaThread "JDWP Command Reader" daemon [_thread_in_native, id=6664, stack(0x0000000055a80000,0x0000000055b80000)]
  0x00000000550ae800 JavaThread "JDWP Event Helper Thread" daemon [_thread_blocked, id=1212, stack(0x0000000055e30000,0x0000000055f30000)]
  0x000000005509f000 JavaThread "JDWP Transport Listener: dt_socket" daemon [_thread_blocked, id=4748, stack(0x0000000055c20000,0x0000000055d20000)]
  0x0000000055090800 JavaThread "Attach Listener" daemon [_thread_blocked, id=4752, stack(0x0000000055850000,0x0000000055950000)]
  0x0000000053d46000 JavaThread "Signal Dispatcher" daemon [_thread_blocked, id=6060, stack(0x0000000055620000,0x0000000055720000)]
  0x0000000053cea800 JavaThread "Finalizer" daemon [_thread_blocked, id=356, stack(0x0000000054c90000,0x0000000054d90000)]
  0x0000000053ce3800 JavaThread "Reference Handler" daemon [_thread_blocked, id=2868, stack(0x0000000054f80000,0x0000000055080000)]

Other Threads:
  0x0000000053cde000 VMThread [stack: 0x0000000054d90000,0x0000000054e90000] [id=6180]
  0x0000000055152000 WatcherThread [stack: 0x0000000056590000,0x0000000056690000] [id=6168]

VM state:not at safepoint (normal execution)

VM Mutex/Monitor currently owned by a thread: None

Heap:
 PSYoungGen      total 148992K, used 52120K [0x00000000f5580000, 0x0000000100000000, 0x0000000100000000)
  eden space 128512K, 24% used [0x00000000f5580000,0x00000000f74cefc8,0x00000000fd300000)
  from space 20480K, 97% used [0x00000000fec00000,0x00000000fff97110,0x0000000100000000)
  to   space 23040K, 0% used [0x00000000fd300000,0x00000000fd300000,0x00000000fe980000)
 ParOldGen       total 77312K, used 28465K [0x00000000e0000000, 0x00000000e4b80000, 0x00000000f5580000)
  object space 77312K, 36% used [0x00000000e0000000,0x00000000e1bcc548,0x00000000e4b80000)
 Metaspace       used 68822K, capacity 75962K, committed 76288K, reserved 1114112K
  class space    used 8584K, capacity 10721K, committed 10752K, reserved 1048576K

Card table byte_map: [0x0000000002420000,0x0000000002530000] byte_map_base: 0x0000000001d20000

Marking Bits: (ParMarkBitMap*) 0x0000000069a04040
 Begin Bits: [0x0000000012350000, 0x0000000012b50000)
 End Bits:   [0x0000000012b50000, 0x0000000013350000)

Polling page: 0x0000000000320000

CodeCache: size=245760Kb used=18873Kb max_used=18969Kb free=226886Kb
 bounds [0x0000000002850000, 0x0000000003b00000, 0x0000000011850000]
 total_blobs=6453 nmethods=5823 adapters=550
 compilation: enabled

Compilation events (10 events):
Event: 17.153 Thread 0x00000000550c5000 6666       4       java.lang.AbstractStringBuilder::append (54 bytes)
Event: 17.153 Thread 0x00000000550c9000 nmethod 6665 0x0000000003512c50 code [0x0000000003512f20, 0x0000000003514468]
Event: 17.154 Thread 0x00000000550c9000 6667       3       java.text.DateFormat::format (19 bytes)
Event: 17.154 Thread 0x00000000550c9000 nmethod 6667 0x00000000034fe1d0 code [0x00000000034fe360, 0x00000000034fe858]
Event: 17.154 Thread 0x00000000550c9000 6668       3       java.text.SimpleDateFormat::format (21 bytes)
Event: 17.154 Thread 0x00000000550c9000 nmethod 6668 0x0000000003050550 code [0x00000000030506c0, 0x0000000003050938]
Event: 17.154 Thread 0x00000000550c9000 6669   !   3       org.jboss.logmanager.handlers.WriterHandler::flush (30 bytes)
Event: 17.155 Thread 0x00000000550c9000 nmethod 6669 0x000000000350a6d0 code [0x000000000350a8a0, 0x000000000350b128]
Event: 17.172 Thread 0x00000000550c5000 nmethod 6666 0x00000000035d8fd0 code [0x00000000035d9180, 0x00000000035da2f8]
Event: 17.196 Thread 0x00000000550be800 nmethod 6617 0x0000000003ae8dd0 code [0x0000000003ae9080, 0x0000000003aed5b8]

GC Heap History (10 events):
Event: 5.342 GC heap before
{Heap before GC invocations=11 (full 2):
 PSYoungGen      total 148992K, used 148971K [0x00000000f5580000, 0x0000000100000000, 0x0000000100000000)
  eden space 135680K, 100% used [0x00000000f5580000,0x00000000fda00000,0x00000000fda00000)
  from space 13312K, 99% used [0x00000000ff300000,0x00000000ffffae38,0x0000000100000000)
  to   space 19456K, 0% used [0x00000000fda00000,0x00000000fda00000,0x00000000fed00000)
 ParOldGen       total 56320K, used 29329K [0x00000000e0000000, 0x00000000e3700000, 0x00000000f5580000)
  object space 56320K, 52% used [0x00000000e0000000,0x00000000e1ca46d8,0x00000000e3700000)
 Metaspace       used 48355K, capacity 54640K, committed 54912K, reserved 1095680K
  class space    used 6160K, capacity 8014K, committed 8064K, reserved 1048576K
Event: 5.360 GC heap after
Heap after GC invocations=11 (full 2):
 PSYoungGen      total 148992K, used 13013K [0x00000000f5580000, 0x0000000100000000, 0x0000000100000000)
  eden space 135680K, 0% used [0x00000000f5580000,0x00000000f5580000,0x00000000fda00000)
  from space 13312K, 97% used [0x00000000fda00000,0x00000000fe6b56c0,0x00000000fe700000)
  to   space 19968K, 0% used [0x00000000fec80000,0x00000000fec80000,0x0000000100000000)
 ParOldGen       total 56320K, used 29337K [0x00000000e0000000, 0x00000000e3700000, 0x00000000f5580000)
  object space 56320K, 52% used [0x00000000e0000000,0x00000000e1ca66d8,0x00000000e3700000)
 Metaspace       used 48355K, capacity 54640K, committed 54912K, reserved 1095680K
  class space    used 6160K, capacity 8014K, committed 8064K, reserved 1048576K
}
Event: 5.584 GC heap before
{Heap before GC invocations=12 (full 2):
 PSYoungGen      total 148992K, used 148693K [0x00000000f5580000, 0x0000000100000000, 0x0000000100000000)
  eden space 135680K, 100% used [0x00000000f5580000,0x00000000fda00000,0x00000000fda00000)
  from space 13312K, 97% used [0x00000000fda00000,0x00000000fe6b56c0,0x00000000fe700000)
  to   space 19968K, 0% used [0x00000000fec80000,0x00000000fec80000,0x0000000100000000)
 ParOldGen       total 56320K, used 29337K [0x00000000e0000000, 0x00000000e3700000, 0x00000000f5580000)
  object space 56320K, 52% used [0x00000000e0000000,0x00000000e1ca66d8,0x00000000e3700000)
 Metaspace       used 48358K, capacity 54640K, committed 54912K, reserved 1095680K
  class space    used 6160K, capacity 8014K, committed 8064K, reserved 1048576K
Event: 5.609 GC heap after
Heap after GC invocations=12 (full 2):
 PSYoungGen      total 155136K, used 10143K [0x00000000f5580000, 0x0000000100000000, 0x0000000100000000)
  eden space 135168K, 0% used [0x00000000f5580000,0x00000000f5580000,0x00000000fd980000)
  from space 19968K, 50% used [0x00000000fec80000,0x00000000ff667fb0,0x0000000100000000)
  to   space 19456K, 0% used [0x00000000fd980000,0x00000000fd980000,0x00000000fec80000)
 ParOldGen       total 56320K, used 29345K [0x00000000e0000000, 0x00000000e3700000, 0x00000000f5580000)
  object space 56320K, 52% used [0x00000000e0000000,0x00000000e1ca86d8,0x00000000e3700000)
 Metaspace       used 48358K, capacity 54640K, committed 54912K, reserved 1095680K
  class space    used 6160K, capacity 8014K, committed 8064K, reserved 1048576K
}
Event: 5.904 GC heap before
{Heap before GC invocations=13 (full 2):
 PSYoungGen      total 155136K, used 33285K [0x00000000f5580000, 0x0000000100000000, 0x0000000100000000)
  eden space 135168K, 17% used [0x00000000f5580000,0x00000000f6c19840,0x00000000fd980000)
  from space 19968K, 50% used [0x00000000fec80000,0x00000000ff667fb0,0x0000000100000000)
  to   space 19456K, 0% used [0x00000000fd980000,0x00000000fd980000,0x00000000fec80000)
 ParOldGen       total 56320K, used 29345K [0x00000000e0000000, 0x00000000e3700000, 0x00000000f5580000)
  object space 56320K, 52% used [0x00000000e0000000,0x00000000e1ca86d8,0x00000000e3700000)
 Metaspace       used 52670K, capacity 58992K, committed 59160K, reserved 1099776K
  class space    used 6828K, capacity 8726K, committed 8832K, reserved 1048576K
Event: 5.918 GC heap after
Heap after GC invocations=13 (full 2):
 PSYoungGen      total 150016K, used 14451K [0x00000000f5580000, 0x0000000100000000, 0x0000000100000000)
  eden space 135168K, 0% used [0x00000000f5580000,0x00000000f5580000,0x00000000fd980000)
  from space 14848K, 97% used [0x00000000fd980000,0x00000000fe79ce80,0x00000000fe800000)
  to   space 20480K, 0% used [0x00000000fec00000,0x00000000fec00000,0x0000000100000000)
 ParOldGen       total 56320K, used 29353K [0x00000000e0000000, 0x00000000e3700000, 0x00000000f5580000)
  object space 56320K, 52% used [0x00000000e0000000,0x00000000e1caa6d8,0x00000000e3700000)
 Metaspace       used 52670K, capacity 58992K, committed 59160K, reserved 1099776K
  class space    used 6828K, capacity 8726K, committed 8832K, reserved 1048576K
}
Event: 5.918 GC heap before
{Heap before GC invocations=14 (full 3):
 PSYoungGen      total 150016K, used 14451K [0x00000000f5580000, 0x0000000100000000, 0x0000000100000000)
  eden space 135168K, 0% used [0x00000000f5580000,0x00000000f5580000,0x00000000fd980000)
  from space 14848K, 97% used [0x00000000fd980000,0x00000000fe79ce80,0x00000000fe800000)
  to   space 20480K, 0% used [0x00000000fec00000,0x00000000fec00000,0x0000000100000000)
 ParOldGen       total 56320K, used 29353K [0x00000000e0000000, 0x00000000e3700000, 0x00000000f5580000)
  object space 56320K, 52% used [0x00000000e0000000,0x00000000e1caa6d8,0x00000000e3700000)
 Metaspace       used 52670K, capacity 58992K, committed 59160K, reserved 1099776K
  class space    used 6828K, capacity 8726K, committed 8832K, reserved 1048576K
Event: 6.113 GC heap after
Heap after GC invocations=14 (full 3):
 PSYoungGen      total 150016K, used 0K [0x00000000f5580000, 0x0000000100000000, 0x0000000100000000)
  eden space 135168K, 0% used [0x00000000f5580000,0x00000000f5580000,0x00000000fd980000)
  from space 14848K, 0% used [0x00000000fd980000,0x00000000fd980000,0x00000000fe800000)
  to   space 20480K, 0% used [0x00000000fec00000,0x00000000fec00000,0x0000000100000000)
 ParOldGen       total 77312K, used 28457K [0x00000000e0000000, 0x00000000e4b80000, 0x00000000f5580000)
  object space 77312K, 36% used [0x00000000e0000000,0x00000000e1bca548,0x00000000e4b80000)
 Metaspace       used 52670K, capacity 58992K, committed 59160K, reserved 1099776K
  class space    used 6828K, capacity 8726K, committed 8832K, reserved 1048576K
}
Event: 8.787 GC heap before
{Heap before GC invocations=15 (full 3):
 PSYoungGen      total 150016K, used 135168K [0x00000000f5580000, 0x0000000100000000, 0x0000000100000000)
  eden space 135168K, 100% used [0x00000000f5580000,0x00000000fd980000,0x00000000fd980000)
  from space 14848K, 0% used [0x00000000fd980000,0x00000000fd980000,0x00000000fe800000)
  to   space 20480K, 0% used [0x00000000fec00000,0x00000000fec00000,0x0000000100000000)
 ParOldGen       total 77312K, used 28457K [0x00000000e0000000, 0x00000000e4b80000, 0x00000000f5580000)
  object space 77312K, 36% used [0x00000000e0000000,0x00000000e1bca548,0x00000000e4b80000)
 Metaspace       used 68298K, capacity 75376K, committed 75776K, reserved 1114112K
  class space    used 8562K, capacity 10684K, committed 10752K, reserved 1048576K
Event: 8.802 GC heap after
Heap after GC invocations=15 (full 3):
 PSYoungGen      total 148992K, used 20060K [0x00000000f5580000, 0x0000000100000000, 0x0000000100000000)
  eden space 128512K, 0% used [0x00000000f5580000,0x00000000f5580000,0x00000000fd300000)
  from space 20480K, 97% used [0x00000000fec00000,0x00000000fff97110,0x0000000100000000)
  to   space 23040K, 0% used [0x00000000fd300000,0x00000000fd300000,0x00000000fe980000)
 ParOldGen       total 77312K, used 28465K [0x00000000e0000000, 0x00000000e4b80000, 0x00000000f5580000)
  object space 77312K, 36% used [0x00000000e0000000,0x00000000e1bcc548,0x00000000e4b80000)
 Metaspace       used 68298K, capacity 75376K, committed 75776K, reserved 1114112K
  class space    used 8562K, capacity 10684K, committed 10752K, reserved 1048576K
}

Deoptimization events (10 events):
Event: 14.986 Thread 0x0000000062992800 Uncommon trap: reason=unhandled action=none pc=0x0000000003ab2a8c method=java.lang.Integer.parseInt(Ljava/lang/String;I)I @ 204
Event: 14.997 Thread 0x0000000062992800 Uncommon trap: reason=unhandled action=none pc=0x0000000003ab2a8c method=java.lang.Integer.parseInt(Ljava/lang/String;I)I @ 204
Event: 15.010 Thread 0x0000000062992800 Uncommon trap: reason=unhandled action=none pc=0x0000000003ab2a8c method=java.lang.Integer.parseInt(Ljava/lang/String;I)I @ 204
Event: 15.022 Thread 0x0000000062992800 Uncommon trap: reason=unhandled action=none pc=0x0000000003ab2a8c method=java.lang.Integer.parseInt(Ljava/lang/String;I)I @ 204
Event: 15.032 Thread 0x0000000062992800 Uncommon trap: reason=unhandled action=none pc=0x0000000003ab2a8c method=java.lang.Integer.parseInt(Ljava/lang/String;I)I @ 204
Event: 15.092 Thread 0x0000000062992800 Uncommon trap: reason=unhandled action=none pc=0x0000000003ab2a8c method=java.lang.Integer.parseInt(Ljava/lang/String;I)I @ 204
Event: 17.097 Thread 0x0000000057dda800 Uncommon trap: reason=class_check action=maybe_recompile pc=0x0000000002af3568 method=java.io.FilterOutputStream.write(I)V @ 5
Event: 17.097 Thread 0x0000000057dda800 Uncommon trap: reason=class_check action=maybe_recompile pc=0x0000000002af3568 method=java.io.FilterOutputStream.write(I)V @ 5
Event: 17.097 Thread 0x0000000057dda800 Uncommon trap: reason=class_check action=maybe_recompile pc=0x0000000002af3568 method=java.io.FilterOutputStream.write(I)V @ 5
Event: 17.097 Thread 0x0000000057dda800 Uncommon trap: reason=class_check action=maybe_recompile pc=0x0000000002af3568 method=java.io.FilterOutputStream.write(I)V @ 5

Internal exceptions (10 events):
Event: 7.385 Thread 0x0000000057dda800 Exception <a 'java/io/FileNotFoundException'> (0x00000000fa127320) thrown at [C:\re\workspace\8-2-build-windows-amd64-cygwin\jdk8u45\3457\hotspot\src\share\vm\prims\jni.cpp, line 709]
Event: 8.064 Thread 0x0000000057ddd800 Exception <a 'java/lang/ClassNotFoundException': org/jboss/net/protocol/http/Handler> (0x00000000fba80030) thrown at [C:\re\workspace\8-2-build-windows-amd64-cygwin\jdk8u45\3457\hotspot\src\share\vm\classfile\systemDictionary.cpp, line 210]
Event: 8.065 Thread 0x0000000057ddd800 Exception <a 'java/lang/ClassNotFoundException': org/jboss/vfs/protocol/http/Handler> (0x00000000fba80cf8) thrown at [C:\re\workspace\8-2-build-windows-amd64-cygwin\jdk8u45\3457\hotspot\src\share\vm\classfile\systemDictionary.cpp, line 210]
Event: 8.176 Thread 0x0000000057dda800 Implicit null exception at 0x00000000036636df to 0x0000000003663ced
Event: 10.691 Thread 0x0000000062992800 Exception <a 'java/lang/NullPointerException'> (0x00000000f6f3bf70) thrown at [C:\re\workspace\8-2-build-windows-amd64-cygwin\jdk8u45\3457\hotspot\src\share\vm\interpreter\linkResolver.cpp, line 1178]
Event: 10.896 Thread 0x0000000062992800 Exception <a 'java/lang/NullPointerException'> (0x00000000f6f593a0) thrown at [C:\re\workspace\8-2-build-windows-amd64-cygwin\jdk8u45\3457\hotspot\src\share\vm\interpreter\linkResolver.cpp, line 1178]
Event: 11.200 Thread 0x0000000062992800 Exception <a 'java/lang/NullPointerException'> (0x00000000f6f72898) thrown at [C:\re\workspace\8-2-build-windows-amd64-cygwin\jdk8u45\3457\hotspot\src\share\vm\interpreter\linkResolver.cpp, line 1178]
Event: 11.654 Thread 0x0000000062992800 Exception <a 'java/lang/NullPointerException'> (0x00000000f6f83d58) thrown at [C:\re\workspace\8-2-build-windows-amd64-cygwin\jdk8u45\3457\hotspot\src\share\vm\interpreter\linkResolver.cpp, line 1178]
Event: 12.332 Thread 0x0000000062992800 Exception <a 'java/lang/NullPointerException'> (0x00000000f6fa52d0) thrown at [C:\re\workspace\8-2-build-windows-amd64-cygwin\jdk8u45\3457\hotspot\src\share\vm\interpreter\linkResolver.cpp, line 1178]
Event: 13.348 Thread 0x0000000062992800 Exception <a 'java/lang/NullPointerException'> (0x00000000f707ec88) thrown at [C:\re\workspace\8-2-build-windows-amd64-cygwin\jdk8u45\3457\hotspot\src\share\vm\interpreter\linkResolver.cpp, line 1178]

Events (10 events):
Event: 17.115 Thread 0x00000000550c9000 flushing nmethod 0x000000000357ffd0
Event: 17.116 Thread 0x00000000550c9000 flushing nmethod 0x0000000003586c10
Event: 17.116 Thread 0x00000000550c9000 flushing nmethod 0x0000000003592890
Event: 17.116 Thread 0x00000000550c9000 flushing nmethod 0x0000000003592cd0
Event: 17.116 Thread 0x00000000550c9000 flushing nmethod 0x00000000035a6c10
Event: 17.116 Thread 0x00000000550c9000 flushing nmethod 0x00000000035c4610
Event: 17.116 Thread 0x00000000550c9000 flushing nmethod 0x00000000035c4dd0
Event: 17.116 Thread 0x00000000550c9000 flushing nmethod 0x00000000035d88d0
Event: 17.116 Thread 0x00000000550c9000 flushing nmethod 0x00000000035e5150
Event: 17.116 Thread 0x00000000550c9000 flushing nmethod 0x00000000035e5a10


Dynamic libraries:
0x000000013fdc0000 - 0x000000013fdf7000 	E:\src_caw4\ide\jdk1.8.0_45\bin\javaw.exe
0x0000000077900000 - 0x0000000077aa9000 	C:\Windows\SYSTEM32\ntdll.dll
0x00000000776e0000 - 0x00000000777ff000 	C:\Windows\system32\kernel32.dll
0x000007fefd6d0000 - 0x000007fefd73c000 	C:\Windows\system32\KERNELBASE.dll
0x00000000753c0000 - 0x0000000075456000 	C:\Windows\System32\SYSFER.DLL
0x000007fefe0e0000 - 0x000007fefe1bb000 	C:\Windows\system32\ADVAPI32.dll
0x000007feff6f0000 - 0x000007feff78f000 	C:\Windows\system32\msvcrt.dll
0x000007fefdfa0000 - 0x000007fefdfbf000 	C:\Windows\SYSTEM32\sechost.dll
0x000007fefdc50000 - 0x000007fefdd7d000 	C:\Windows\system32\RPCRT4.dll
0x0000000077800000 - 0x00000000778fa000 	C:\Windows\system32\USER32.dll
0x000007feff790000 - 0x000007feff7f7000 	C:\Windows\system32\GDI32.dll
0x000007feff680000 - 0x000007feff68e000 	C:\Windows\system32\LPK.dll
0x000007feff3a0000 - 0x000007feff469000 	C:\Windows\system32\USP10.dll
0x000007fefc220000 - 0x000007fefc414000 	C:\Windows\WinSxS\amd64_microsoft.windows.common-controls_6595b64144ccf1df_6.0.7601.18837_none_fa3b1e3d17594757\COMCTL32.dll
0x000007fefdfc0000 - 0x000007fefe031000 	C:\Windows\system32\SHLWAPI.dll
0x000007feff820000 - 0x000007feff84e000 	C:\Windows\system32\IMM32.DLL
0x000007feff850000 - 0x000007feff959000 	C:\Windows\system32\MSCTF.dll
0x000000006acf0000 - 0x000000006adc2000 	E:\src_caw4\ide\jdk1.8.0_45\jre\bin\msvcr100.dll
0x0000000069200000 - 0x0000000069a83000 	E:\src_caw4\ide\jdk1.8.0_45\jre\bin\server\jvm.dll
0x000007fefae30000 - 0x000007fefae39000 	C:\Windows\system32\WSOCK32.dll
0x000007feff960000 - 0x000007feff9ad000 	C:\Windows\system32\WS2_32.dll
0x000007fefdf90000 - 0x000007fefdf98000 	C:\Windows\system32\NSI.dll
0x000007fefb6c0000 - 0x000007fefb6fb000 	C:\Windows\system32\WINMM.dll
0x000007fefc760000 - 0x000007fefc76c000 	C:\Windows\system32\VERSION.dll
0x0000000077ac0000 - 0x0000000077ac7000 	C:\Windows\system32\PSAPI.DLL
0x000000006b910000 - 0x000000006b91f000 	E:\src_caw4\ide\jdk1.8.0_45\jre\bin\verify.dll
0x000000006ac60000 - 0x000000006ac89000 	E:\src_caw4\ide\jdk1.8.0_45\jre\bin\java.dll
0x000000006b5a0000 - 0x000000006b5d5000 	E:\src_caw4\ide\jdk1.8.0_45\jre\bin\jdwp.dll
0x000000006c9e0000 - 0x000000006c9e8000 	E:\src_caw4\ide\jdk1.8.0_45\jre\bin\npt.dll
0x000000006ac40000 - 0x000000006ac56000 	E:\src_caw4\ide\jdk1.8.0_45\jre\bin\zip.dll
0x000007fefe610000 - 0x000007feff399000 	C:\Windows\system32\SHELL32.dll
0x000007feff470000 - 0x000007feff673000 	C:\Windows\system32\ole32.dll
0x000007fefd6b0000 - 0x000007fefd6bf000 	C:\Windows\system32\profapi.dll
0x0000000072600000 - 0x0000000072609000 	E:\src_caw4\ide\jdk1.8.0_45\jre\bin\dt_socket.dll
0x000007fefb740000 - 0x000007fefb755000 	C:\Windows\system32\NLAapi.dll
0x000007fefa5c0000 - 0x000007fefa5d5000 	C:\Windows\system32\napinsp.dll
0x000007fefa5a0000 - 0x000007fefa5b9000 	C:\Windows\system32\pnrpnsp.dll
0x000007fefce50000 - 0x000007fefcea5000 	C:\Windows\System32\mswsock.dll
0x000007fefccd0000 - 0x000007fefcd2b000 	C:\Windows\system32\DNSAPI.dll
0x000007fefa5f0000 - 0x000007fefa5fb000 	C:\Windows\System32\winrnr.dll
0x00000000747e0000 - 0x0000000074806000 	C:\Program Files\Bonjour\mdnsNSP.dll
0x000007fefb470000 - 0x000007fefb497000 	C:\Windows\system32\Iphlpapi.DLL
0x000007fefb3f0000 - 0x000007fefb3fb000 	C:\Windows\system32\WINNSI.DLL
0x000007fefb370000 - 0x000007fefb3c3000 	C:\Windows\System32\fwpuclnt.dll
0x000007fefa8c0000 - 0x000007fefa8c8000 	C:\Windows\system32\rasadhlp.dll
0x000007fefc860000 - 0x000007fefc867000 	C:\Windows\System32\wshtcpip.dll
0x000000006c9d0000 - 0x000000006c9dd000 	E:\src_caw4\ide\jdk1.8.0_45\jre\bin\management.dll
0x000000006ac20000 - 0x000000006ac3a000 	E:\src_caw4\ide\jdk1.8.0_45\jre\bin\net.dll
0x000007fefce40000 - 0x000007fefce47000 	C:\Windows\System32\wship6.dll
0x000000006ac00000 - 0x000000006ac11000 	E:\src_caw4\ide\jdk1.8.0_45\jre\bin\nio.dll
0x000007fefceb0000 - 0x000007fefcec7000 	C:\Windows\system32\CRYPTSP.dll
0x000007fefcbb0000 - 0x000007fefcbf7000 	C:\Windows\system32\rsaenh.dll
0x000007fefd930000 - 0x000007fefd94e000 	C:\Windows\system32\USERENV.dll
0x000007fefb260000 - 0x000007fefb271000 	C:\Windows\system32\dhcpcsvc6.DLL
0x000007fefd510000 - 0x000007fefd51f000 	C:\Windows\system32\CRYPTBASE.dll
0x000007fefb220000 - 0x000007fefb238000 	C:\Windows\system32\dhcpcsvc.DLL
0x000000006abd0000 - 0x000000006abf4000 	E:\src_caw4\ide\jdk1.8.0_45\jre\bin\sunec.dll
0x000000006b900000 - 0x000000006b90b000 	E:\src_caw4\ide\jdk1.8.0_45\jre\bin\sunmscapi.dll
0x000007fefd740000 - 0x000007fefd8ac000 	C:\Windows\system32\CRYPT32.dll
0x000007fefd6c0000 - 0x000007fefd6cf000 	C:\Windows\system32\MSASN1.dll
0x000007fef9a00000 - 0x000007fef9b25000 	C:\Windows\system32\dbghelp.dll

VM Arguments:
jvm_args: -agentlib:jdwp=transport=dt_socket,suspend=y,address=localhost:54620 -Dprogram.name=JBossTools: WildFly 9.x (Experimental) -Xms64m -Xmx512m -XX:MaxPermSize=256m -Dorg.jboss.resolver.warning=true -Djava.net.preferIPv4Stack=true -Dsun.rmi.dgc.client.gcInterval=3600000 -Dsun.rmi.dgc.server.gcInterval=3600000 -Djboss.modules.system.pkgs=org.jboss.byteman -Djava.awt.headless=true -Dorg.jboss.boot.log.file=E:/src_caw4/ide/wildfly9/standalone/log/boot.log -Dlogging.configuration=file:/E:/src_caw4/ide/wildfly9/standalone/configuration/logging.properties -Djboss.home.dir=E:/src_caw4/ide/wildfly9 -Dorg.jboss.logmanager.nocolor=true -Djboss.bind.address.management=localhost -Dfile.encoding=GBK 
java_command: org.jboss.modules.Main -mp E:/src_caw4/ide/wildfly9/modules -jaxpmodule javax.xml.jaxp-provider org.jboss.as.standalone -b localhost --server-config=standalone.xml -Djboss.server.base.dir=E:\src_caw4\ide\wildfly9\standalone
java_class_path (initial): E:\src_caw4\ide\wildfly9\jboss-modules.jar
Launcher Type: SUN_STANDARD

Environment Variables:
JAVA_HOME=D:\Java\32\jdk1.6.0_32
PATH=E:\src_caw4\ide\jdk1.8.0_45\jre\bin;native;C:\Program Files (x86)\AMD APP\bin\x86_64;C:\Program Files (x86)\AMD APP\bin\x86;C:\ProgramData\Oracle\Java\javapath;C:\Windows\system32;C:\Windows;C:\Windows\System32\Wbem;C:\Windows\System32\WindowsPowerShell\v1.0\;C:\Program Files (x86)\ATI Technologies\ATI.ACE\Core-Static;C:\Program Files (x86)\Microsoft SQL Server\100\Tools\Binn\;C:\Program Files\Microsoft SQL Server\100\Tools\Binn\;C:\Program Files\Microsoft SQL Server\100\DTS\Binn\;C:\Program Files (x86)\Microsoft SQL Server\100\Tools\Binn\VSShell\Common7\IDE\;C:\Program Files (x86)\Microsoft SQL Server\100\DTS\Binn\;C:\Program Files (x86)\Microsoft Visual Studio 9.0\Common7\IDE\PrivateAssemblies\;D:\apache-ant-1.7.0\bin\;C:\Program Files (x86)\Microsoft SQL Server\90\Tools\binn\;C:\Java\jre6\bin;;C:\Program Files (x86)\SinoVoice\jTTS 5.0 Desktop\Bin;C:\Program Files (x86)\Microsoft SQL Server\80\Tools\Binn\;C:\Program Files\Microsoft SQL Server\90\Tools\binn\;C:\Program Files (x86)\Microsoft Team Foundation Server 2010 Power Tools\;C:\Program Files (x86)\Microsoft Team Foundation Server 2010 Power Tools\Best Practices Analyzer\;D:\SQL2012_86\110\Tools\Binn\;D:\SQL2012\110\Tools\Binn\;D:\SQL2012\110\DTS\Binn\;D:\SQL2012_86\110\DTS\Binn\;D:\SQL2012_86\110\Tools\Binn\ManagementStudio\;C:\Program Files (x86)\Microsoft Visual Studio 10.0\Common7\IDE\PrivateAssemblies\;C:\Program Files\Adobe\Adobe PDF iFilter 11 for 64-bit platforms\bin\;D:\SQL2012\Client SDK\ODBC\110\Tools\Binn\;D:\SQL2012_86\120\Tools\Binn\ManagementStudio\;D:\SQL2012_86\120\Tools\Binn\;D:\SQL2012\120\Tools\Binn\;D:\SQL2012_86\120\DTS\Binn\;D:\SQL2012\120\DTS\Binn\
USERNAME=iran.zhou
OS=Windows_NT
PROCESSOR_IDENTIFIER=Intel64 Family 6 Model 30 Stepping 5, GenuineIntel



---------------  S Y S T E M  ---------------

OS: Windows 7 , 64 bit Build 7601 (6.1.7601.18933)

CPU:total 4 (4 cores per cpu, 1 threads per core) family 6 model 30 stepping 5, cmov, cx8, fxsr, mmx, sse, sse2, sse3, ssse3, sse4.1, sse4.2, popcnt, tsc, tscinvbit

Memory: 4k page, physical 8379448k(3674176k free), swap 16757056k(12045984k free)

vm_info: Java HotSpot(TM) 64-Bit Server VM (25.45-b02) for windows-amd64 JRE (1.8.0_45-b14), built on Apr 10 2015 10:34:15 by "java_re" with MS VC++ 10.0 (VS2010)

time: Thu Sep 24 15:44:30 2015
elapsed time: 17 seconds (0d 0h 0m 17s)

